<?xml version="1.0" encoding="UTF-8"?>
<!-- Generated by org.testng.reporters.JUnitReportReporter -->
<testsuite hostname="Omars-MacBook-Pro.local" failures="0" tests="2" name="com.qacart.todo.testcases.LoginTest" time="5.846" errors="0" timestamp="2022-07-14T22:06:47 AST" skipped="1">
  <testcase classname="com.qacart.todo.testcases.LoginTest" name="loginWithEmailAndPassword" time="5.846"/>
  <system-out/>
  <testcase classname="com.qacart.todo.testcases.LoginTest" name="TestCookiesInjection">
    <skipped/>
  </testcase> <!-- TestCookiesInjection -->
  <system-out/>
</testsuite> <!-- com.qacart.todo.testcases.LoginTest -->
