<?xml version="1.0" encoding="UTF-8"?>
<!-- Generated by org.testng.reporters.JUnitReportReporter -->
<testsuite hostname="Omars-MacBook-Pro.local" failures="0" tests="2" name="com.qacart.todo.testcases.ToDoTest" time="23.554" errors="0" timestamp="2022-07-14T10:54:04 AST" skipped="0">
  <testcase classname="com.qacart.todo.testcases.ToDoTest" name="AddToDoTest" time="10.449"/>
  <system-out/>
  <testcase classname="com.qacart.todo.testcases.ToDoTest" name="deleteToDo" time="13.105"/>
  <system-out/>
</testsuite> <!-- com.qacart.todo.testcases.ToDoTest -->
