<?xml version="1.0" encoding="UTF-8"?>
<!-- Generated by org.testng.reporters.JUnitReportReporter -->
<testsuite hostname="Omars-MacBook-Pro.local" failures="0" tests="2" name="com.qacart.todo.testcases.ToDoTest" time="19.751" errors="0" timestamp="2022-07-14T22:06:47 AST" skipped="0">
  <testcase classname="com.qacart.todo.testcases.ToDoTest" name="AddToDoTest" time="9.586"/>
  <system-out/>
  <testcase classname="com.qacart.todo.testcases.ToDoTest" name="deleteToDo" time="10.165"/>
  <system-out/>
</testsuite> <!-- com.qacart.todo.testcases.ToDoTest -->
